# JRE version: OpenJDK Runtime Environment (8.0_181-b13) (build 1.8.0_181-8u181-b13-1~deb9u1-b13)
# Java VM: OpenJDK 64-Bit Server VM (25.181-b13 mixed mode linux-amd64 compressed oops)
Heap:
 PSYoungGen      total 150528K, used 44769K [0x0000000718600000, 0x0000000726480000, 0x00000007c0000000)
  eden space 129024K, 34% used [0x0000000718600000,0x000000071b1b84c8,0x0000000720400000)
  from space 21504K, 0% used [0x0000000720400000,0x0000000720400000,0x0000000721900000)
  to   space 21504K, 0% used [0x0000000724f80000,0x0000000724f80000,0x0000000726480000)
 ParOldGen       total 346112K, used 13370K [0x00000005c9200000, 0x00000005de400000, 0x0000000718600000)
  object space 346112K, 3% used [0x00000005c9200000,0x00000005c9f0ebb0,0x00000005de400000)
 Metaspace       used 43731K, capacity 45210K, committed 45272K, reserved 1087488K
  class space    used 6540K, capacity 6871K, committed 6912K, reserved 1048576K
GC Heap History (10 events):
Event: 1.190 GC heap before
{Heap before GC invocations=1 (full 0):
 PSYoungGen      total 150528K, used 77415K [0x0000000718600000, 0x0000000722e00000, 0x00000007c0000000)
  eden space 129024K, 60% used [0x0000000718600000,0x000000071d199dd8,0x0000000720400000)
  from space 21504K, 0% used [0x0000000721900000,0x0000000721900000,0x0000000722e00000)
  to   space 21504K, 0% used [0x0000000720400000,0x0000000720400000,0x0000000721900000)
 ParOldGen       total 344064K, used 0K [0x00000005c9200000, 0x00000005de200000, 0x0000000718600000)
  object space 344064K, 0% used [0x00000005c9200000,0x00000005c9200000,0x00000005de200000)
 Metaspace       used 20857K, capacity 21116K, committed 21248K, reserved 1067008K
  class space    used 3194K, capacity 3306K, committed 3328K, reserved 1048576K
Event: 1.200 GC heap after
Heap after GC invocations=1 (full 0):
 PSYoungGen      total 150528K, used 15774K [0x0000000718600000, 0x0000000722e00000, 0x00000007c0000000)
  eden space 129024K, 0% used [0x0000000718600000,0x0000000718600000,0x0000000720400000)
  from space 21504K, 73% used [0x0000000720400000,0x0000000721367970,0x0000000721900000)
  to   space 21504K, 0% used [0x0000000721900000,0x0000000721900000,0x0000000722e00000)
 ParOldGen       total 344064K, used 80K [0x00000005c9200000, 0x00000005de200000, 0x0000000718600000)
  object space 344064K, 0% used [0x00000005c9200000,0x00000005c9214010,0x00000005de200000)
 Metaspace       used 20857K, capacity 21116K, committed 21248K, reserved 1067008K
  class space    used 3194K, capacity 3306K, committed 3328K, reserved 1048576K
}
Event: 1.200 GC heap before
{Heap before GC invocations=2 (full 1):
 PSYoungGen      total 150528K, used 15774K [0x0000000718600000, 0x0000000722e00000, 0x00000007c0000000)
  eden space 129024K, 0% used [0x0000000718600000,0x0000000718600000,0x0000000720400000)
  from space 21504K, 73% used [0x0000000720400000,0x0000000721367970,0x0000000721900000)
  to   space 21504K, 0% used [0x0000000721900000,0x0000000721900000,0x0000000722e00000)
 ParOldGen       total 344064K, used 80K [0x00000005c9200000, 0x00000005de200000, 0x0000000718600000)
  object space 344064K, 0% used [0x00000005c9200000,0x00000005c9214010,0x00000005de200000)
 Metaspace       used 20857K, capacity 21116K, committed 21248K, reserved 1067008K
  class space    used 3194K, capacity 3306K, committed 3328K, reserved 1048576K
Event: 1.216 GC heap after
Heap after GC invocations=2 (full 1):
 PSYoungGen      total 150528K, used 0K [0x0000000718600000, 0x0000000722e00000, 0x00000007c0000000)
  eden space 129024K, 0% used [0x0000000718600000,0x0000000718600000,0x0000000720400000)
  from space 21504K, 0% used [0x0000000720400000,0x0000000720400000,0x0000000721900000)
  to   space 21504K, 0% used [0x0000000721900000,0x0000000721900000,0x0000000722e00000)
 ParOldGen       total 224768K, used 14930K [0x00000005c9200000, 0x00000005d6d80000, 0x0000000718600000)
  object space 224768K, 6% used [0x00000005c9200000,0x00000005ca0948f8,0x00000005d6d80000)
 Metaspace       used 20857K, capacity 21116K, committed 21248K, reserved 1067008K
  class space    used 3194K, capacity 3306K, committed 3328K, reserved 1048576K
}
Event: 2.798 GC heap before
{Heap before GC invocations=3 (full 1):
 PSYoungGen      total 150528K, used 129024K [0x0000000718600000, 0x0000000722e00000, 0x00000007c0000000)
  eden space 129024K, 100% used [0x0000000718600000,0x0000000720400000,0x0000000720400000)
  from space 21504K, 0% used [0x0000000720400000,0x0000000720400000,0x0000000721900000)
  to   space 21504K, 0% used [0x0000000721900000,0x0000000721900000,0x0000000722e00000)
 ParOldGen       total 224768K, used 14930K [0x00000005c9200000, 0x00000005d6d80000, 0x0000000718600000)
  object space 224768K, 6% used [0x00000005c9200000,0x00000005ca0948f8,0x00000005d6d80000)
 Metaspace       used 31886K, capacity 32406K, committed 32640K, reserved 1077248K
  class space    used 4730K, capacity 4881K, committed 4992K, reserved 1048576K
Event: 2.805 GC heap after
Heap after GC invocations=3 (full 1):
 PSYoungGen      total 150528K, used 8884K [0x0000000718600000, 0x0000000725580000, 0x00000007c0000000)
  eden space 129024K, 0% used [0x0000000718600000,0x0000000718600000,0x0000000720400000)
  from space 21504K, 41% used [0x0000000721900000,0x00000007221ad050,0x0000000722e00000)
  to   space 21504K, 0% used [0x0000000720400000,0x0000000720400000,0x0000000721900000)
 ParOldGen       total 224768K, used 14938K [0x00000005c9200000, 0x00000005d6d80000, 0x0000000718600000)
  object space 224768K, 6% used [0x00000005c9200000,0x00000005ca0968f8,0x00000005d6d80000)
 Metaspace       used 31886K, capacity 32406K, committed 32640K, reserved 1077248K
  class space    used 4730K, capacity 4881K, committed 4992K, reserved 1048576K
}
Event: 3.101 GC heap before
{Heap before GC invocations=4 (full 1):
 PSYoungGen      total 150528K, used 122125K [0x0000000718600000, 0x0000000725580000, 0x00000007c0000000)
  eden space 129024K, 87% used [0x0000000718600000,0x000000071f496768,0x0000000720400000)
  from space 21504K, 41% used [0x0000000721900000,0x00000007221ad050,0x0000000722e00000)
  to   space 21504K, 0% used [0x0000000720400000,0x0000000720400000,0x0000000721900000)
 ParOldGen       total 224768K, used 14938K [0x00000005c9200000, 0x00000005d6d80000, 0x0000000718600000)
  object space 224768K, 6% used [0x00000005c9200000,0x00000005ca0968f8,0x00000005d6d80000)
 Metaspace       used 34560K, capacity 35202K, committed 35416K, reserved 1079296K
  class space    used 5056K, capacity 5239K, committed 5248K, reserved 1048576K
Event: 3.107 GC heap after
Heap after GC invocations=4 (full 1):
 PSYoungGen      total 150528K, used 9863K [0x0000000718600000, 0x0000000726480000, 0x00000007c0000000)
  eden space 129024K, 0% used [0x0000000718600000,0x0000000718600000,0x0000000720400000)
  from space 21504K, 45% used [0x0000000720400000,0x0000000720da1c30,0x0000000721900000)
  to   space 21504K, 0% used [0x0000000724f80000,0x0000000724f80000,0x0000000726480000)
 ParOldGen       total 224768K, used 14946K [0x00000005c9200000, 0x00000005d6d80000, 0x0000000718600000)
  object space 224768K, 6% used [0x00000005c9200000,0x00000005ca0988f8,0x00000005d6d80000)
 Metaspace       used 34560K, capacity 35202K, committed 35416K, reserved 1079296K
  class space    used 5056K, capacity 5239K, committed 5248K, reserved 1048576K
}
Event: 3.107 GC heap before
{Heap before GC invocations=5 (full 2):
 PSYoungGen      total 150528K, used 9863K [0x0000000718600000, 0x0000000726480000, 0x00000007c0000000)
  eden space 129024K, 0% used [0x0000000718600000,0x0000000718600000,0x0000000720400000)
  from space 21504K, 45% used [0x0000000720400000,0x0000000720da1c30,0x0000000721900000)
  to   space 21504K, 0% used [0x0000000724f80000,0x0000000724f80000,0x0000000726480000)
 ParOldGen       total 224768K, used 14946K [0x00000005c9200000, 0x00000005d6d80000, 0x0000000718600000)
  object space 224768K, 6% used [0x00000005c9200000,0x00000005ca0988f8,0x00000005d6d80000)
 Metaspace       used 34560K, capacity 35202K, committed 35416K, reserved 1079296K
  class space    used 5056K, capacity 5239K, committed 5248K, reserved 1048576K
Event: 3.137 GC heap after
Heap after GC invocations=5 (full 2):
 PSYoungGen      total 150528K, used 0K [0x0000000718600000, 0x0000000726480000, 0x00000007c0000000)
  eden space 129024K, 0% used [0x0000000718600000,0x0000000718600000,0x0000000720400000)
  from space 21504K, 0% used [0x0000000720400000,0x0000000720400000,0x0000000721900000)
  to   space 21504K, 0% used [0x0000000724f80000,0x0000000724f80000,0x0000000726480000)
 ParOldGen       total 346112K, used 13370K [0x00000005c9200000, 0x00000005de400000, 0x0000000718600000)
  object space 346112K, 3% used [0x00000005c9200000,0x00000005c9f0ebb0,0x00000005de400000)
 Metaspace       used 34560K, capacity 35202K, committed 35416K, reserved 1079296K
  class space    used 5056K, capacity 5239K, committed 5248K, reserved 1048576K
}

